lres_b.e10.B2000_CAM5.f09_g16.feedforward.001
+2.2 sec: <Client: 'tcp://127.0.0.1:45555' processes=4 threads=16, memory=28.00 GiB>
+244.0 sec: opened dataset
+337.3 sec: created ./data/lres_b.e10.B2000_CAM5.f09_g16.feedforward.001.nc
lres_b.e10.B2000_CAM5.f09_g16.feedforward_2050.001
+1.6 sec: <Client: 'tcp://127.0.0.1:44543' processes=4 threads=16, memory=28.00 GiB>
+322.6 sec: opened dataset
+442.3 sec: created ./data/lres_b.e10.B2000_CAM5.f09_g16.feedforward_2050.001.nc
mres_b.e10.B2000_CAM5.f05_t12.001
+1.6 sec: <Client: 'tcp://127.0.0.1:42249' processes=4 threads=16, memory=28.00 GiB>
+183.1 sec: opened dataset
+237.6 sec: created ./data/mres_b.e10.B2000_CAM5.f05_t12.001.nc

JOB STATISTICS
==============
Job ID: 7960264
Cluster: snellius
User/Group: jasperdj/jasperdj
State: COMPLETED (exit code 0)
Nodes: 1
Cores per node: 16
CPU Utilized: 00:15:16
CPU Efficiency: 5.48% of 04:38:24 core-walltime
Job Wall-clock time: 00:17:24
Memory Utilized: 3.04 GB
Memory Efficiency: 10.86% of 28.00 GB
